Change Component Footprint: Designator=C9 Old Footprint=Cap-Non-150mil New Footprint=Cap-P-2.5/5
Change Component Footprint: Designator=C10 Old Footprint=Cap-Non-150mil New Footprint=Cap-P-2.5/5
Change Component Footprint: Designator=IC6 Old Footprint=DIP4 New Footprint=SOIC127P600X175-14N
Change Component Footprint: Designator=IC6 Old Footprint=SOIC127P600X175-14N New Footprint=DIP4
Change Component Comment : Designator=IC6 Old Comment=74HC14D New Comment=FOD817DSD
Change Component Comment : Designator=C9 Old Comment=104 New Comment=220uF
Change Component Comment : Designator=C10 Old Comment=104 New Comment=220uF
Change Component Comment : Designator=IC6 Old Comment=FOD817DSD New Comment=74HC14D
Change component parameters: Designator = "IC6"; Footprint = "DIP4"; UniqueID = "\XVCMLSEI"
Change component parameters. Clean all parameters for all variants
Change component parameters (AddParameter): Name = "Author"; Value = "CERN DEM JLC"; VariantName = "[No Variations]"
Change component parameters (AddParameter): Name = "Bonding"; Value = "No"; VariantName = "[No Variations]"
Change component parameters (AddParameter): Name = "Case"; Value = "SOIC4"; VariantName = "[No Variations]"
Change component parameters (AddParameter): Name = "ComponentHeight"; Value = "4.6mm"; VariantName = "[No Variations]"
Change component parameters (AddParameter): Name = "Component Type"; Value = "Standard"; VariantName = "[No Variations]"
Change component parameters (AddParameter): Name = "CreateDate"; Value = "7/21/2014"; VariantName = "[No Variations]"
Change component parameters (AddParameter): Name = "Device"; Value = "FOD817DSD"; VariantName = "[No Variations]"
Change component parameters (AddParameter): Name = "HelpURL"; Value = "\\cern.ch\dfs\Applications\Altium\Datasheets\FOD817DSD.pdf"; VariantName = "[No Variations]"
Change component parameters (AddParameter): Name = "LatestRevisionDate"; Value = "7/21/2014"; VariantName = "[No Variations]"
Change component parameters (AddParameter): Name = "Manufacturer"; Value = "FAIRCHILD SEMICONDUCTOR"; VariantName = "[No Variations]"
Change component parameters (AddParameter): Name = "Manufacturer Part Number"; Value = "FOD817DSD"; VariantName = "[No Variations]"
Change component parameters (AddParameter): Name = "Mounted"; Value = "Yes"; VariantName = "[No Variations]"
Change component parameters (AddParameter): Name = "PackageDescription"; Value = "SOIC, 2.54mm Pitch, 4 Pin, Body 6.5mm W X 4.6mm L X 4.6mm H"; VariantName = "[No Variations]"
Change component parameters (AddParameter): Name = "Part Description"; Value = "4-Pin High Operating Temperature Phototransistor Optocoupler"; VariantName = "[No Variations]"
Change component parameters (AddParameter): Name = "Part Number"; Value = "FOD817DSD"; VariantName = "[No Variations]"
Change component parameters (AddParameter): Name = "Pin Count"; Value = "4"; VariantName = "[No Variations]"
Change component parameters (AddParameter): Name = "PressFit"; Value = "No"; VariantName = "[No Variations]"
Change component parameters (AddParameter): Name = "Sense"; Value = "No"; VariantName = "[No Variations]"
Change component parameters (AddParameter): Name = "SMD"; Value = "Yes"; VariantName = "[No Variations]"
Change component parameters (AddParameter): Name = "Socket"; Value = "No"; VariantName = "[No Variations]"
Change component parameters: Designator = "IC6"; Footprint = "SOIC127P600X175-14N"; UniqueID = "\BVDOJVSR"
Change component parameters. Clean all parameters for all variants
Change component parameters (AddParameter): Name = "Author"; Value = "CERN DEM JLC"; VariantName = "[No Variations]"
Change component parameters (AddParameter): Name = "Bonding"; Value = "No"; VariantName = "[No Variations]"
Change component parameters (AddParameter): Name = "Case"; Value = "SOIC14"; VariantName = "[No Variations]"
Change component parameters (AddParameter): Name = "ComponentHeight"; Value = "1.75mm"; VariantName = "[No Variations]"
Change component parameters (AddParameter): Name = "Component Type"; Value = "Standard"; VariantName = "[No Variations]"
Change component parameters (AddParameter): Name = "CreateDate"; Value = "8/26/2014"; VariantName = "[No Variations]"
Change component parameters (AddParameter): Name = "Device"; Value = "74HC14D"; VariantName = "[No Variations]"
Change component parameters (AddParameter): Name = "HelpURL"; Value = "\\cern.ch\dfs\Applications\Altium\Datasheets\74HC14D.pdf"; VariantName = "[No Variations]"
Change component parameters (AddParameter): Name = "LatestRevisionDate"; Value = "8/26/2014"; VariantName = "[No Variations]"
Change component parameters (AddParameter): Name = "Manufacturer"; Value = "NXP SEMICONDUCTORS"; VariantName = "[No Variations]"
Change component parameters (AddParameter): Name = "Manufacturer Part Number"; Value = "74HC14D"; VariantName = "[No Variations]"
Change component parameters (AddParameter): Name = "Mounted"; Value = "Yes"; VariantName = "[No Variations]"
Change component parameters (AddParameter): Name = "PackageDescription"; Value = "SOIC 14, Pitch 1.27mm - Body 4x8.75mm, IPC Medium Density"; VariantName = "[No Variations]"
Change component parameters (AddParameter): Name = "Part Description"; Value = "Hex  Inverterting Schmitt-Trigger"; VariantName = "[No Variations]"
Change component parameters (AddParameter): Name = "Part Number"; Value = "74HC14D"; VariantName = "[No Variations]"
Change component parameters (AddParameter): Name = "Pin Count"; Value = "14"; VariantName = "[No Variations]"
Change component parameters (AddParameter): Name = "PressFit"; Value = "No"; VariantName = "[No Variations]"
Change component parameters (AddParameter): Name = "Sense"; Value = "No"; VariantName = "[No Variations]"
Change component parameters (AddParameter): Name = "SMD"; Value = "Yes"; VariantName = "[No Variations]"
Change component parameters (AddParameter): Name = "Socket"; Value = "No"; VariantName = "[No Variations]"
Added Component: Designator=C11(Cap-Non-150mil)
Add component. Clean all parameters for all variants
Added Component: Designator=C12(Cap-Non-150mil)
Add component. Clean all parameters for all variants
Added Pin To Net: NetName=+3.3V Pin=C1-1
Added Pin To Net: NetName=+3.3V Pin=C2-2
Added Pin To Net: NetName=+3.3V Pin=C7-1
Added Pin To Net: NetName=+3.3V Pin=C8-2
Added Pin To Net: NetName=+3.3V Pin=C9-1
Added Pin To Net: NetName=+3.3V Pin=C10-1
Added Pin To Net: NetName=+3.3V Pin=C11-2
Added Pin To Net: NetName=+3.3V Pin=C12-2
Added Pin To Net: NetName=+3.3V Pin=C14-1
Added Pin To Net: NetName=+3.3V Pin=C15-2
Added Pin To Net: NetName=+3.3V Pin=IC1-10
Added Pin To Net: NetName=+3.3V Pin=IC1-16
Added Pin To Net: NetName=+3.3V Pin=IC2-10
Added Pin To Net: NetName=+3.3V Pin=IC2-16
Added Pin To Net: NetName=+3.3V Pin=M1-1
Added Pin To Net: NetName=+3.3V Pin=R9-2
Added Pin To Net: NetName=+3.3V Pin=R27-1
Added Pin To Net: NetName=+3.3V Pin=R27-2
Added Pin To Net: NetName=+3.3V Pin=U2-16
Added Pin To Net: NetName=+3.3V Pin=U3-2
Added Net: Name=+3.3V
Added Pin To Net: NetName=+5V Pin=C16-2
Added Pin To Net: NetName=+5V Pin=C17-2
Added Pin To Net: NetName=+5V Pin=M2-7
Added Pin To Net: NetName=+5V Pin=R1-2
Added Pin To Net: NetName=+5V Pin=R2-2
Added Pin To Net: NetName=+5V Pin=R3-2
Added Net: Name=+5V
Added Pin To Net: NetName=+12V Pin=C4-1
Added Pin To Net: NetName=+12V Pin=C6-1
Added Pin To Net: NetName=+12V Pin=C13-1
Added Pin To Net: NetName=+12V Pin=C19-1
Added Pin To Net: NetName=+12V Pin=D1-2
Added Pin To Net: NetName=+12V Pin=D2-2
Added Pin To Net: NetName=+12V Pin=F1-2
Added Pin To Net: NetName=+12V Pin=F1-2
Added Pin To Net: NetName=+12V Pin=M2-9
Added Pin To Net: NetName=+12V Pin=R7-2
Added Pin To Net: NetName=+12V Pin=U1-1
Added Net: Name=+12V
Added Pin To Net: NetName=BD Pin=SW2-1
Added Pin To Net: NetName=BD Pin=SW2-4
Added Pin To Net: NetName=BD Pin=U2-7
Added Net: Name=BD
Added Pin To Net: NetName=BL Pin=SW3-1
Added Pin To Net: NetName=BL Pin=SW3-4
Added Pin To Net: NetName=BL Pin=U2-5
Added Net: Name=BL
Added Pin To Net: NetName=BR Pin=SW4-1
Added Pin To Net: NetName=BR Pin=SW4-4
Added Pin To Net: NetName=BR Pin=U2-6
Added Net: Name=BR
Added Pin To Net: NetName=BUCK Pin=C5-1
Added Pin To Net: NetName=BUCK Pin=L1-1
Added Pin To Net: NetName=BUCK Pin=R8-2
Added Pin To Net: NetName=BUCK Pin=U1-4
Added Net: Name=BUCK
Added Pin To Net: NetName=BU Pin=SW1-1
Added Pin To Net: NetName=BU Pin=SW1-4
Added Pin To Net: NetName=BU Pin=U2-4
Added Net: Name=BU
Added Pin To Net: NetName=GND Pin=B1-1
Added Pin To Net: NetName=GND Pin=B2-1
Added Pin To Net: NetName=GND Pin=B3-1
Added Pin To Net: NetName=GND Pin=B4-1
Added Pin To Net: NetName=GND Pin=C1-2
Added Pin To Net: NetName=GND Pin=C2-1
Added Pin To Net: NetName=GND Pin=C3-1
Added Pin To Net: NetName=GND Pin=C4-2
Added Pin To Net: NetName=GND Pin=C5-2
Added Pin To Net: NetName=GND Pin=C6-2
Added Pin To Net: NetName=GND Pin=C7-2
Added Pin To Net: NetName=GND Pin=C8-1
Added Pin To Net: NetName=GND Pin=C9-2
Added Pin To Net: NetName=GND Pin=C10-2
Added Pin To Net: NetName=GND Pin=C11-1
Added Pin To Net: NetName=GND Pin=C12-1
Added Pin To Net: NetName=GND Pin=C13-2
Added Pin To Net: NetName=GND Pin=C14-2
Added Pin To Net: NetName=GND Pin=C15-1
Added Pin To Net: NetName=GND Pin=C16-1
Added Pin To Net: NetName=GND Pin=C17-1
Added Pin To Net: NetName=GND Pin=C19-2
Added Pin To Net: NetName=GND Pin=CN1-2
Added Pin To Net: NetName=GND Pin=D1-1
Added Pin To Net: NetName=GND Pin=D2-1
Added Pin To Net: NetName=GND Pin=IC1-8
Added Pin To Net: NetName=GND Pin=IC1-13
Added Pin To Net: NetName=GND Pin=IC2-8
Added Pin To Net: NetName=GND Pin=IC2-13
Added Pin To Net: NetName=GND Pin=IC3-2
Added Pin To Net: NetName=GND Pin=IC3-3
Added Pin To Net: NetName=GND Pin=IC5-2
Added Pin To Net: NetName=GND Pin=IC5-3
Added Pin To Net: NetName=GND Pin=IC6-2
Added Pin To Net: NetName=GND Pin=IC6-3
Added Pin To Net: NetName=GND Pin=LED1-2
Added Pin To Net: NetName=GND Pin=LED2-2
Added Pin To Net: NetName=GND Pin=LED3-2
Added Pin To Net: NetName=GND Pin=M1-4
Added Pin To Net: NetName=GND Pin=M2-8
Added Pin To Net: NetName=GND Pin=R16-1
Added Pin To Net: NetName=GND Pin=R16-2
Added Pin To Net: NetName=GND Pin=SW1-2
Added Pin To Net: NetName=GND Pin=SW1-3
Added Pin To Net: NetName=GND Pin=SW2-2
Added Pin To Net: NetName=GND Pin=SW2-3
Added Pin To Net: NetName=GND Pin=SW3-2
Added Pin To Net: NetName=GND Pin=SW3-3
Added Pin To Net: NetName=GND Pin=SW4-2
Added Pin To Net: NetName=GND Pin=SW4-3
Added Pin To Net: NetName=GND Pin=U1-2
Added Pin To Net: NetName=GND Pin=U1-3
Added Pin To Net: NetName=GND Pin=U2-14
Added Pin To Net: NetName=GND Pin=U2-17
Added Pin To Net: NetName=GND Pin=U3-1
Added Net: Name=GND
Added Pin To Net: NetName=LCD_CS Pin=IC2-7
Added Pin To Net: NetName=LCD_CS Pin=U3-3
Added Net: Name=LCD_CS
Added Pin To Net: NetName=LCD_DB0 Pin=IC1-2
Added Pin To Net: NetName=LCD_DB0 Pin=U3-9
Added Net: Name=LCD_DB0
Added Pin To Net: NetName=LCD_DB1 Pin=IC1-7
Added Pin To Net: NetName=LCD_DB1 Pin=U3-10
Added Net: Name=LCD_DB1
Added Pin To Net: NetName=LCD_DB2 Pin=IC1-6
Added Pin To Net: NetName=LCD_DB2 Pin=U3-11
Added Net: Name=LCD_DB2
Added Pin To Net: NetName=LCD_DB3 Pin=IC1-5
Added Pin To Net: NetName=LCD_DB3 Pin=U3-12
Added Net: Name=LCD_DB3
Added Pin To Net: NetName=LCD_DB4 Pin=IC1-4
Added Pin To Net: NetName=LCD_DB4 Pin=U3-13
Added Net: Name=LCD_DB4
Added Pin To Net: NetName=LCD_DB5 Pin=IC1-3
Added Pin To Net: NetName=LCD_DB5 Pin=U3-14
Added Net: Name=LCD_DB5
Added Pin To Net: NetName=LCD_DB6 Pin=IC1-1
Added Pin To Net: NetName=LCD_DB6 Pin=U3-15
Added Net: Name=LCD_DB6
Added Pin To Net: NetName=LCD_DB7 Pin=IC1-15
Added Pin To Net: NetName=LCD_DB7 Pin=R15-1
Added Pin To Net: NetName=LCD_DB7 Pin=R15-2
Added Pin To Net: NetName=LCD_DB7 Pin=U3-16
Added Net: Name=LCD_DB7
Added Pin To Net: NetName=LCD_EXT Pin=IC1-9
Added Pin To Net: NetName=LCD_EXT Pin=IC2-14
Added Pin To Net: NetName=LCD_EXT Pin=R14-1
Added Pin To Net: NetName=LCD_EXT Pin=R14-2
Added Net: Name=LCD_EXT
Added Pin To Net: NetName=LCD_LED Pin=IC2-1
Added Pin To Net: NetName=LCD_LED Pin=U3-8
Added Net: Name=LCD_LED
Added Pin To Net: NetName=LCD_RD Pin=IC2-3
Added Pin To Net: NetName=LCD_RD Pin=U3-6
Added Net: Name=LCD_RD
Added Pin To Net: NetName=LCD_RS Pin=IC2-5
Added Pin To Net: NetName=LCD_RS Pin=U3-4
Added Net: Name=LCD_RS
Added Pin To Net: NetName=LCD_RST Pin=IC2-2
Added Pin To Net: NetName=LCD_RST Pin=U3-7
Added Net: Name=LCD_RST
Added Pin To Net: NetName=LCD_WR Pin=IC2-4
Added Pin To Net: NetName=LCD_WR Pin=U3-5
Added Net: Name=LCD_WR
Added Pin To Net: NetName=MEN Pin=R4-2
Added Pin To Net: NetName=MEN Pin=U2-23
Added Net: Name=MEN
Added Pin To Net: NetName=MIN Pin=R6-2
Added Pin To Net: NetName=MIN Pin=U2-24
Added Net: Name=MIN
Added Pin To Net: NetName=MIP Pin=R5-2
Added Pin To Net: NetName=MIP Pin=U2-25
Added Net: Name=MIP
Added Pin To Net: NetName=MN Pin=C18-1
Added Pin To Net: NetName=MN Pin=CN2-2
Added Pin To Net: NetName=MN Pin=M2-13
Added Net: Name=MN
Added Pin To Net: NetName=MP Pin=C18-2
Added Pin To Net: NetName=MP Pin=CN2-1
Added Pin To Net: NetName=MP Pin=M2-12
Added Net: Name=MP
Added Pin To Net: NetName=NetCN1_1 Pin=CN1-1
Added Pin To Net: NetName=NetCN1_1 Pin=F1-1
Added Pin To Net: NetName=NetCN1_1 Pin=F1-1
Added Net: Name=NetCN1_1
Added Pin To Net: NetName=NetD4_2 Pin=D4-2
Added Pin To Net: NetName=NetD4_2 Pin=U2-15
Added Net: Name=NetD4_2
Added Pin To Net: NetName=NetIC3_1 Pin=IC3-1
Added Pin To Net: NetName=NetIC3_1 Pin=R4-1
Added Net: Name=NetIC3_1
Added Pin To Net: NetName=NetIC3_4 Pin=IC3-4
Added Pin To Net: NetName=NetIC3_4 Pin=R1-1
Added Net: Name=NetIC3_4
Added Pin To Net: NetName=NetIC5_1 Pin=IC5-1
Added Pin To Net: NetName=NetIC5_1 Pin=R5-1
Added Net: Name=NetIC5_1
Added Pin To Net: NetName=NetIC5_4 Pin=IC5-4
Added Pin To Net: NetName=NetIC5_4 Pin=IC6-13
Added Pin To Net: NetName=NetIC5_4 Pin=R2-1
Added Net: Name=NetIC5_4
Added Pin To Net: NetName=NetIC6_1 Pin=IC6-1
Added Pin To Net: NetName=NetIC6_1 Pin=R6-1
Added Net: Name=NetIC6_1
Added Pin To Net: NetName=NetIC6_4 Pin=IC6-4
Added Pin To Net: NetName=NetIC6_4 Pin=R3-1
Added Net: Name=NetIC6_4
Added Pin To Net: NetName=NetIC6_8 Pin=M2-6
Added Net: Name=NetIC6_8
Added Pin To Net: NetName=NetIC6_10 Pin=M2-5
Added Net: Name=NetIC6_10
Added Pin To Net: NetName=NetIC6_12 Pin=IC6-12
Added Pin To Net: NetName=NetIC6_12 Pin=M2-4
Added Net: Name=NetIC6_12
Added Pin To Net: NetName=NetLED1_1 Pin=LED1-1
Added Pin To Net: NetName=NetLED1_1 Pin=R7-1
Added Net: Name=NetLED1_1
Added Pin To Net: NetName=NetLED2_1 Pin=LED2-1
Added Pin To Net: NetName=NetLED2_1 Pin=R8-1
Added Net: Name=NetLED2_1
Added Pin To Net: NetName=NetLED3_1 Pin=LED3-1
Added Pin To Net: NetName=NetLED3_1 Pin=R9-1
Added Net: Name=NetLED3_1
Added Pin To Net: NetName=RCLK Pin=IC1-12
Added Pin To Net: NetName=RCLK Pin=IC2-12
Added Pin To Net: NetName=RCLK Pin=R13-1
Added Pin To Net: NetName=RCLK Pin=R13-2
Added Pin To Net: NetName=RCLK Pin=U2-9
Added Net: Name=RCLK
Added Pin To Net: NetName=SER Pin=IC1-14
Added Pin To Net: NetName=SER Pin=U2-8
Added Net: Name=SER
Added Pin To Net: NetName=SONIC_RXD Pin=M1-2
Added Pin To Net: NetName=SONIC_RXD Pin=U2-22
Added Net: Name=SONIC_RXD
Added Pin To Net: NetName=SONIC_TXD Pin=M1-3
Added Pin To Net: NetName=SONIC_TXD Pin=U2-21
Added Net: Name=SONIC_TXD
Added Pin To Net: NetName=SRCLK Pin=IC1-11
Added Pin To Net: NetName=SRCLK Pin=IC2-11
Added Pin To Net: NetName=SRCLK Pin=U2-10
Added Net: Name=SRCLK
Added Pin To Net: NetName=V_ESPU Pin=C3-2
Added Pin To Net: NetName=V_ESPU Pin=D4-1
Added Pin To Net: NetName=V_ESPU Pin=L1-2
Added Net: Name=V_ESPU
Added Member To Class: ClassName=Sheet1 Member=Component C9 220uF
Added Member To Class: ClassName=Sheet1 Member=Component C10 220uF
Added Member To Class: ClassName=Sheet1 Member=Component C11 104
Added Member To Class: ClassName=Sheet1 Member=Component C12 104
Added Member To Class: ClassName=Sheet1 Member=Component C16 106
Added Member To Class: ClassName=Sheet1 Member=Component C17 104
Added Member To Class: ClassName=Sheet1 Member=Component IC3 FOD817DSD
Added Member To Class: ClassName=Sheet1 Member=Component IC5 FOD817DSD
Added Member To Class: ClassName=Sheet1 Member=Component IC6 FOD817DSD
Added Member To Class: ClassName=Sheet1 Member=Component IC6 74HC14D
Added Member To Class: ClassName=Sheet1 Member=Component R1 1K
Added Member To Class: ClassName=Sheet1 Member=Component R2 1K
Added Member To Class: ClassName=Sheet1 Member=Component R3 1K
Added Member To Class: ClassName=Sheet1 Member=Component R4 1K
Added Member To Class: ClassName=Sheet1 Member=Component R5 1K
Added Member To Class: ClassName=Sheet1 Member=Component R6 1K
Added Member To Class: ClassName=Sheet1 Member=Component R13 0R
Added Member To Class: ClassName=Sheet1 Member=Component R14 0R
Added Member To Class: ClassName=Sheet1 Member=Component R15 0R
Added Member To Class: ClassName=Sheet1 Member=Component R16 0R
Added Member To Class: ClassName=Sheet1 Member=Component R27 0R
