Replace Part C1 Cap-Pol-Dip in E:\NEW_DATA\Project\WLC_LCD176X220_PID\Sheet1.SchDoc with Cap-Pol-Dip from Library.IntLib
Replace Part C2 Cap-Non-Dip in E:\NEW_DATA\Project\WLC_LCD176X220_PID\Sheet1.SchDoc with Cap-Non-Dip from Library.IntLib
Replace Part C3 Cap-Pol-Dip in E:\NEW_DATA\Project\WLC_LCD176X220_PID\Sheet1.SchDoc with Cap-Pol-Dip from Library.IntLib
Replace Part C4 Cap-Non-Dip in E:\NEW_DATA\Project\WLC_LCD176X220_PID\Sheet1.SchDoc with Cap-Non-Dip from Library.IntLib
Replace Part C5 Cap-Pol-Dip in E:\NEW_DATA\Project\WLC_LCD176X220_PID\Sheet1.SchDoc with Cap-Pol-Dip from Library.IntLib
Replace Part C6 Cap-Non-Dip in E:\NEW_DATA\Project\WLC_LCD176X220_PID\Sheet1.SchDoc with Cap-Non-Dip from Library.IntLib
Replace Part C7 Cap-Pol-Dip in E:\NEW_DATA\Project\WLC_LCD176X220_PID\Sheet1.SchDoc with Cap-Pol-Dip from Library.IntLib
Replace Part C8 Cap-Non-Dip in E:\NEW_DATA\Project\WLC_LCD176X220_PID\Sheet1.SchDoc with Cap-Non-Dip from Library.IntLib
Replace Part C9 Cap-Pol-Dip in E:\NEW_DATA\Project\WLC_LCD176X220_PID\Sheet1.SchDoc with Cap-Pol-Dip from Library.IntLib
Replace Part C10 Cap-Pol-Dip in E:\NEW_DATA\Project\WLC_LCD176X220_PID\Sheet1.SchDoc with Cap-Pol-Dip from Library.IntLib
Replace Part C11 Cap-Non-Dip in E:\NEW_DATA\Project\WLC_LCD176X220_PID\Sheet1.SchDoc with Cap-Non-Dip from Library.IntLib
Replace Part C12 Cap-Non-Dip in E:\NEW_DATA\Project\WLC_LCD176X220_PID\Sheet1.SchDoc with Cap-Non-Dip from Library.IntLib
Replace Part C13 Cap-Pol-Dip in E:\NEW_DATA\Project\WLC_LCD176X220_PID\Sheet1.SchDoc with Cap-Pol-Dip from Library.IntLib
Replace Part C14 Cap-Pol-Dip in E:\NEW_DATA\Project\WLC_LCD176X220_PID\Sheet1.SchDoc with Cap-Pol-Dip from Library.IntLib
Replace Part C15 Cap-Non-Dip in E:\NEW_DATA\Project\WLC_LCD176X220_PID\Sheet1.SchDoc with Cap-Non-Dip from Library.IntLib
Replace Part C16 Cap-Pol-Dip in E:\NEW_DATA\Project\WLC_LCD176X220_PID\Sheet1.SchDoc with Cap-Pol-Dip from Library.IntLib
Replace Part C17 Cap-Non-Dip in E:\NEW_DATA\Project\WLC_LCD176X220_PID\Sheet1.SchDoc with Cap-Non-Dip from Library.IntLib
Replace Part C18 Cap-Non-Dip in E:\NEW_DATA\Project\WLC_LCD176X220_PID\Sheet1.SchDoc with Cap-Non-Dip from Library.IntLib
Replace Part CN1 KF 2 in E:\NEW_DATA\Project\WLC_LCD176X220_PID\Sheet1.SchDoc with KF 2 from Library.IntLib
Replace Part CN2 Header 2 in E:\NEW_DATA\Project\WLC_LCD176X220_PID\Sheet1.SchDoc with Header 2 from Library.IntLib
Replace Part D1 Diode SMD in E:\NEW_DATA\Project\WLC_LCD176X220_PID\Sheet1.SchDoc with Diode SMD from Library.IntLib
Replace Part D2 Diode SMD in E:\NEW_DATA\Project\WLC_LCD176X220_PID\Sheet1.SchDoc with Diode SMD from Library.IntLib
Replace Part D3 Diode SMD in E:\NEW_DATA\Project\WLC_LCD176X220_PID\Sheet1.SchDoc with Diode SMD from Library.IntLib
Replace Part D4 Diode SMD in E:\NEW_DATA\Project\WLC_LCD176X220_PID\Sheet1.SchDoc with Diode SMD from Library.IntLib
Replace Part F1 Fuse Dip in E:\NEW_DATA\Project\WLC_LCD176X220_PID\Sheet1.SchDoc with Fuse Dip from Library.IntLib
Replace Part IC1 74595 in E:\NEW_DATA\Project\WLC_LCD176X220_PID\Sheet1.SchDoc with 74595 from ICs And Semiconductors.DbLib
Replace Part IC2 74595 in E:\NEW_DATA\Project\WLC_LCD176X220_PID\Sheet1.SchDoc with 74595 from ICs And Semiconductors.DbLib
Replace Part IC3 Optocoupler Type7 in E:\NEW_DATA\Project\WLC_LCD176X220_PID\Sheet1.SchDoc with Optocoupler Type7 from ICs And Semiconductors.DbLib
Replace Part IC4 7414 in E:\NEW_DATA\Project\WLC_LCD176X220_PID\Sheet1.SchDoc with 7414 from ICs And Semiconductors.DbLib
Replace Part IC4 7414 in E:\NEW_DATA\Project\WLC_LCD176X220_PID\Sheet1.SchDoc with 7414 from ICs And Semiconductors.DbLib
Replace Part IC4 7414 in E:\NEW_DATA\Project\WLC_LCD176X220_PID\Sheet1.SchDoc with 7414 from ICs And Semiconductors.DbLib
Replace Part IC5 Optocoupler Type7 in E:\NEW_DATA\Project\WLC_LCD176X220_PID\Sheet1.SchDoc with Optocoupler Type7 from ICs And Semiconductors.DbLib
Replace Part IC6 Optocoupler Type7 in E:\NEW_DATA\Project\WLC_LCD176X220_PID\Sheet1.SchDoc with Optocoupler Type7 from ICs And Semiconductors.DbLib
Replace Part L1 IND-DIP-1 in E:\NEW_DATA\Project\WLC_LCD176X220_PID\Sheet1.SchDoc with IND-DIP-1 from Library.IntLib
Replace Part M1 JSN-SR04T in E:\NEW_DATA\Project\WLC_LCD176X220_PID\Sheet1.SchDoc with JSN-SR04T from TOAN_VERSION_1_0.IntLib
Replace Part R1 Res 1/4W in E:\NEW_DATA\Project\WLC_LCD176X220_PID\Sheet1.SchDoc with Res 1/4W from Library.IntLib
Replace Part R2 Res 1/4W in E:\NEW_DATA\Project\WLC_LCD176X220_PID\Sheet1.SchDoc with Res 1/4W from Library.IntLib
Replace Part R3 Res 1/4W in E:\NEW_DATA\Project\WLC_LCD176X220_PID\Sheet1.SchDoc with Res 1/4W from Library.IntLib
Replace Part R4 Res 1/4W in E:\NEW_DATA\Project\WLC_LCD176X220_PID\Sheet1.SchDoc with Res 1/4W from Library.IntLib
Replace Part R5 Res 1/4W in E:\NEW_DATA\Project\WLC_LCD176X220_PID\Sheet1.SchDoc with Res 1/4W from Library.IntLib
Replace Part R6 Res 1/4W in E:\NEW_DATA\Project\WLC_LCD176X220_PID\Sheet1.SchDoc with Res 1/4W from Library.IntLib
Replace Part SW1 Button-4 in E:\NEW_DATA\Project\WLC_LCD176X220_PID\Sheet1.SchDoc with Button-4 from Library.IntLib
Replace Part SW2 Button-4 in E:\NEW_DATA\Project\WLC_LCD176X220_PID\Sheet1.SchDoc with Button-4 from Library.IntLib
Replace Part SW3 Button-4 in E:\NEW_DATA\Project\WLC_LCD176X220_PID\Sheet1.SchDoc with Button-4 from Library.IntLib
Replace Part SW4 Button-4 in E:\NEW_DATA\Project\WLC_LCD176X220_PID\Sheet1.SchDoc with Button-4 from Library.IntLib
Replace Part U1 LM2596_MODULE in E:\NEW_DATA\Project\WLC_LCD176X220_PID\Sheet1.SchDoc with LM2596_MODULE from TOAN_VERSION_1_0.IntLib
Replace Part U2 ESP32-DEVKIT-V1 in E:\NEW_DATA\Project\WLC_LCD176X220_PID\Sheet1.SchDoc with ESP32-DEVKIT-V1 from TOAN_VERSION_1_0.IntLib
Replace Part U3 LCD_176x220_ST7775R in E:\NEW_DATA\Project\WLC_LCD176X220_PID\Sheet1.SchDoc with LCD_176x220_ST7775R from TOAN_VERSION_1_0.IntLib
Replace Part U4 L298N in E:\NEW_DATA\Project\WLC_LCD176X220_PID\Sheet1.SchDoc with L298N from TOAN_VERSION_1_0.IntLib
